Warning[205] C:\USERS\PC\DOCUMENTS\EXERCICE2\CLIGNO.ASM 1 : Found directive in column 1. (LIST)
Warning[203] C:\USERS\PC\DOCUMENTS\EXERCICE2\CLIGNO.ASM 3 : Found opcode in column 1. (BCF)
Warning[203] C:\USERS\PC\DOCUMENTS\EXERCICE2\CLIGNO.ASM 4 : Found opcode in column 1. (BSF)
Warning[203] C:\USERS\PC\DOCUMENTS\EXERCICE2\CLIGNO.ASM 5 : Found opcode in column 1. (MOVLW)
Warning[203] C:\USERS\PC\DOCUMENTS\EXERCICE2\CLIGNO.ASM 6 : Found opcode in column 1. (MOVWF)
Message[302] C:\USERS\PC\DOCUMENTS\EXERCICE2\CLIGNO.ASM 6 : Register in operand not in bank 0.  Ensure that bank bits are correct.
Warning[203] C:\USERS\PC\DOCUMENTS\EXERCICE2\CLIGNO.ASM 7 : Found opcode in column 1. (CLRF)
Message[302] C:\USERS\PC\DOCUMENTS\EXERCICE2\CLIGNO.ASM 7 : Register in operand not in bank 0.  Ensure that bank bits are correct.
Warning[203] C:\USERS\PC\DOCUMENTS\EXERCICE2\CLIGNO.ASM 8 : Found opcode in column 1. (BCF)
Warning[203] C:\USERS\PC\DOCUMENTS\EXERCICE2\CLIGNO.ASM 9 : Found opcode in column 1. (BCF)
Warning[203] C:\USERS\PC\DOCUMENTS\EXERCICE2\CLIGNO.ASM 11 : Found opcode in column 1. (BTFSS)
Warning[203] C:\USERS\PC\DOCUMENTS\EXERCICE2\CLIGNO.ASM 12 : Found opcode in column 1. (GOTO)
Warning[203] C:\USERS\PC\DOCUMENTS\EXERCICE2\CLIGNO.ASM 13 : Found opcode in column 1. (BTFSS)
Warning[203] C:\USERS\PC\DOCUMENTS\EXERCICE2\CLIGNO.ASM 14 : Found opcode in column 1. (GOTO)
Warning[203] C:\USERS\PC\DOCUMENTS\EXERCICE2\CLIGNO.ASM 15 : Found opcode in column 1. (MOVLW)
Warning[203] C:\USERS\PC\DOCUMENTS\EXERCICE2\CLIGNO.ASM 16 : Found opcode in column 1. (MOVWF)
Warning[203] C:\USERS\PC\DOCUMENTS\EXERCICE2\CLIGNO.ASM 17 : Found opcode in column 1. (CALL)
Warning[203] C:\USERS\PC\DOCUMENTS\EXERCICE2\CLIGNO.ASM 18 : Found opcode in column 1. (CLRF)
Warning[203] C:\USERS\PC\DOCUMENTS\EXERCICE2\CLIGNO.ASM 19 : Found opcode in column 1. (CALL)
Warning[203] C:\USERS\PC\DOCUMENTS\EXERCICE2\CLIGNO.ASM 20 : Found opcode in column 1. (CALL)
Warning[203] C:\USERS\PC\DOCUMENTS\EXERCICE2\CLIGNO.ASM 21 : Found opcode in column 1. (CALL)
Warning[203] C:\USERS\PC\DOCUMENTS\EXERCICE2\CLIGNO.ASM 22 : Found opcode in column 1. (GOTO)
Warning[203] C:\USERS\PC\DOCUMENTS\EXERCICE2\CLIGNO.ASM 24 : Found opcode in column 1. (MOVLW)
Warning[203] C:\USERS\PC\DOCUMENTS\EXERCICE2\CLIGNO.ASM 25 : Found opcode in column 1. (MOVWF)
Warning[203] C:\USERS\PC\DOCUMENTS\EXERCICE2\CLIGNO.ASM 26 : Found opcode in column 1. (CALL)
Warning[203] C:\USERS\PC\DOCUMENTS\EXERCICE2\CLIGNO.ASM 27 : Found opcode in column 1. (CALL)
Warning[203] C:\USERS\PC\DOCUMENTS\EXERCICE2\CLIGNO.ASM 28 : Found opcode in column 1. (CLRF)
Warning[203] C:\USERS\PC\DOCUMENTS\EXERCICE2\CLIGNO.ASM 29 : Found opcode in column 1. (CALL)
Warning[203] C:\USERS\PC\DOCUMENTS\EXERCICE2\CLIGNO.ASM 30 : Found opcode in column 1. (CALL)
Warning[203] C:\USERS\PC\DOCUMENTS\EXERCICE2\CLIGNO.ASM 31 : Found opcode in column 1. (CALL)
Warning[203] C:\USERS\PC\DOCUMENTS\EXERCICE2\CLIGNO.ASM 32 : Found opcode in column 1. (CALL)
Warning[203] C:\USERS\PC\DOCUMENTS\EXERCICE2\CLIGNO.ASM 33 : Found opcode in column 1. (CALL)
Warning[203] C:\USERS\PC\DOCUMENTS\EXERCICE2\CLIGNO.ASM 34 : Found opcode in column 1. (CALL)
Warning[203] C:\USERS\PC\DOCUMENTS\EXERCICE2\CLIGNO.ASM 35 : Found opcode in column 1. (GOTO)
Warning[203] C:\USERS\PC\DOCUMENTS\EXERCICE2\CLIGNO.ASM 37 : Found opcode in column 1. (BTFSS)
Warning[203] C:\USERS\PC\DOCUMENTS\EXERCICE2\CLIGNO.ASM 38 : Found opcode in column 1. (GOTO)
Warning[203] C:\USERS\PC\DOCUMENTS\EXERCICE2\CLIGNO.ASM 39 : Found opcode in column 1. (MOVLW)
Warning[203] C:\USERS\PC\DOCUMENTS\EXERCICE2\CLIGNO.ASM 40 : Found opcode in column 1. (MOVWF)
Warning[203] C:\USERS\PC\DOCUMENTS\EXERCICE2\CLIGNO.ASM 41 : Found opcode in column 1. (CALL)
Warning[203] C:\USERS\PC\DOCUMENTS\EXERCICE2\CLIGNO.ASM 42 : Found opcode in column 1. (CALL)
Warning[203] C:\USERS\PC\DOCUMENTS\EXERCICE2\CLIGNO.ASM 43 : Found opcode in column 1. (CALL)
Warning[203] C:\USERS\PC\DOCUMENTS\EXERCICE2\CLIGNO.ASM 44 : Found opcode in column 1. (CALL)
Warning[203] C:\USERS\PC\DOCUMENTS\EXERCICE2\CLIGNO.ASM 45 : Found opcode in column 1. (CLRF)
Warning[203] C:\USERS\PC\DOCUMENTS\EXERCICE2\CLIGNO.ASM 46 : Found opcode in column 1. (CALL)
Warning[203] C:\USERS\PC\DOCUMENTS\EXERCICE2\CLIGNO.ASM 47 : Found opcode in column 1. (CALL)
Warning[203] C:\USERS\PC\DOCUMENTS\EXERCICE2\CLIGNO.ASM 48 : Found opcode in column 1. (CALL)
Warning[203] C:\USERS\PC\DOCUMENTS\EXERCICE2\CLIGNO.ASM 49 : Found opcode in column 1. (CALL)
Warning[203] C:\USERS\PC\DOCUMENTS\EXERCICE2\CLIGNO.ASM 50 : Found opcode in column 1. (CALL)
Warning[203] C:\USERS\PC\DOCUMENTS\EXERCICE2\CLIGNO.ASM 51 : Found opcode in column 1. (CALL)
Warning[203] C:\USERS\PC\DOCUMENTS\EXERCICE2\CLIGNO.ASM 52 : Found opcode in column 1. (CALL)
Warning[203] C:\USERS\PC\DOCUMENTS\EXERCICE2\CLIGNO.ASM 53 : Found opcode in column 1. (CALL)
Warning[203] C:\USERS\PC\DOCUMENTS\EXERCICE2\CLIGNO.ASM 54 : Found opcode in column 1. (CALL)
Warning[203] C:\USERS\PC\DOCUMENTS\EXERCICE2\CLIGNO.ASM 55 : Found opcode in column 1. (CALL)
Warning[203] C:\USERS\PC\DOCUMENTS\EXERCICE2\CLIGNO.ASM 56 : Found opcode in column 1. (CALL)
Warning[203] C:\USERS\PC\DOCUMENTS\EXERCICE2\CLIGNO.ASM 57 : Found opcode in column 1. (CALL)
Warning[203] C:\USERS\PC\DOCUMENTS\EXERCICE2\CLIGNO.ASM 58 : Found opcode in column 1. (GOTO)
Warning[203] C:\USERS\PC\DOCUMENTS\EXERCICE2\CLIGNO.ASM 60 : Found opcode in column 1. (MOVLW)
Warning[203] C:\USERS\PC\DOCUMENTS\EXERCICE2\CLIGNO.ASM 61 : Found opcode in column 1. (MOVWF)
Warning[203] C:\USERS\PC\DOCUMENTS\EXERCICE2\CLIGNO.ASM 62 : Found opcode in column 1. (CALL)
Warning[203] C:\USERS\PC\DOCUMENTS\EXERCICE2\CLIGNO.ASM 63 : Found opcode in column 1. (CALL)
Warning[203] C:\USERS\PC\DOCUMENTS\EXERCICE2\CLIGNO.ASM 64 : Found opcode in column 1. (CALL)
Warning[203] C:\USERS\PC\DOCUMENTS\EXERCICE2\CLIGNO.ASM 65 : Found opcode in column 1. (CALL)
Warning[203] C:\USERS\PC\DOCUMENTS\EXERCICE2\CLIGNO.ASM 66 : Found opcode in column 1. (CALL)
Warning[203] C:\USERS\PC\DOCUMENTS\EXERCICE2\CLIGNO.ASM 67 : Found opcode in column 1. (CALL)
Warning[203] C:\USERS\PC\DOCUMENTS\EXERCICE2\CLIGNO.ASM 68 : Found opcode in column 1. (CALL)
Warning[203] C:\USERS\PC\DOCUMENTS\EXERCICE2\CLIGNO.ASM 69 : Found opcode in column 1. (CALL)
Warning[203] C:\USERS\PC\DOCUMENTS\EXERCICE2\CLIGNO.ASM 70 : Found opcode in column 1. (CLRF)
Warning[203] C:\USERS\PC\DOCUMENTS\EXERCICE2\CLIGNO.ASM 71 : Found opcode in column 1. (CALL)
Warning[203] C:\USERS\PC\DOCUMENTS\EXERCICE2\CLIGNO.ASM 72 : Found opcode in column 1. (CALL)
Warning[203] C:\USERS\PC\DOCUMENTS\EXERCICE2\CLIGNO.ASM 73 : Found opcode in column 1. (CALL)
Warning[203] C:\USERS\PC\DOCUMENTS\EXERCICE2\CLIGNO.ASM 74 : Found opcode in column 1. (CALL)
Warning[203] C:\USERS\PC\DOCUMENTS\EXERCICE2\CLIGNO.ASM 75 : Found opcode in column 1. (CALL)
Warning[203] C:\USERS\PC\DOCUMENTS\EXERCICE2\CLIGNO.ASM 76 : Found opcode in column 1. (CALL)
Warning[203] C:\USERS\PC\DOCUMENTS\EXERCICE2\CLIGNO.ASM 77 : Found opcode in column 1. (CALL)
Warning[203] C:\USERS\PC\DOCUMENTS\EXERCICE2\CLIGNO.ASM 78 : Found opcode in column 1. (CALL)
Warning[203] C:\USERS\PC\DOCUMENTS\EXERCICE2\CLIGNO.ASM 79 : Found opcode in column 1. (CALL)
Warning[203] C:\USERS\PC\DOCUMENTS\EXERCICE2\CLIGNO.ASM 80 : Found opcode in column 1. (CALL)
Warning[203] C:\USERS\PC\DOCUMENTS\EXERCICE2\CLIGNO.ASM 81 : Found opcode in column 1. (CALL)
Warning[203] C:\USERS\PC\DOCUMENTS\EXERCICE2\CLIGNO.ASM 82 : Found opcode in column 1. (CALL)
Warning[203] C:\USERS\PC\DOCUMENTS\EXERCICE2\CLIGNO.ASM 83 : Found opcode in column 1. (CALL)
Warning[203] C:\USERS\PC\DOCUMENTS\EXERCICE2\CLIGNO.ASM 84 : Found opcode in column 1. (CALL)
Warning[203] C:\USERS\PC\DOCUMENTS\EXERCICE2\CLIGNO.ASM 85 : Found opcode in column 1. (CALL)
Warning[203] C:\USERS\PC\DOCUMENTS\EXERCICE2\CLIGNO.ASM 86 : Found opcode in column 1. (CALL)
Warning[203] C:\USERS\PC\DOCUMENTS\EXERCICE2\CLIGNO.ASM 87 : Found opcode in column 1. (CALL)
Warning[203] C:\USERS\PC\DOCUMENTS\EXERCICE2\CLIGNO.ASM 88 : Found opcode in column 1. (CALL)
Warning[203] C:\USERS\PC\DOCUMENTS\EXERCICE2\CLIGNO.ASM 89 : Found opcode in column 1. (CALL)
Warning[203] C:\USERS\PC\DOCUMENTS\EXERCICE2\CLIGNO.ASM 90 : Found opcode in column 1. (CALL)
Warning[203] C:\USERS\PC\DOCUMENTS\EXERCICE2\CLIGNO.ASM 91 : Found opcode in column 1. (CALL)
Warning[203] C:\USERS\PC\DOCUMENTS\EXERCICE2\CLIGNO.ASM 92 : Found opcode in column 1. (CALL)
Warning[203] C:\USERS\PC\DOCUMENTS\EXERCICE2\CLIGNO.ASM 93 : Found opcode in column 1. (CALL)
Warning[203] C:\USERS\PC\DOCUMENTS\EXERCICE2\CLIGNO.ASM 94 : Found opcode in column 1. (CALL)
Warning[203] C:\USERS\PC\DOCUMENTS\EXERCICE2\CLIGNO.ASM 95 : Found opcode in column 1. (GOTO)
Warning[203] C:\USERS\PC\DOCUMENTS\EXERCICE2\CLIGNO.ASM 97 : Found opcode in column 1. (MOVLW)
Warning[203] C:\USERS\PC\DOCUMENTS\EXERCICE2\CLIGNO.ASM 98 : Found opcode in column 1. (MOVWF)
Warning[203] C:\USERS\PC\DOCUMENTS\EXERCICE2\CLIGNO.ASM 99 : Found opcode in column 1. (MOVLW)
Warning[203] C:\USERS\PC\DOCUMENTS\EXERCICE2\CLIGNO.ASM 100 : Found opcode in column 1. (MOVLW)
Warning[203] C:\USERS\PC\DOCUMENTS\EXERCICE2\CLIGNO.ASM 101 : Found opcode in column 1. (MOVLW)
Warning[203] C:\USERS\PC\DOCUMENTS\EXERCICE2\CLIGNO.ASM 102 : Found opcode in column 1. (MOVWF)
Warning[203] C:\USERS\PC\DOCUMENTS\EXERCICE2\CLIGNO.ASM 103 : Found opcode in column 1. (BCF)
Warning[203] C:\USERS\PC\DOCUMENTS\EXERCICE2\CLIGNO.ASM 105 : Found opcode in column 1. (BTFSS)
Warning[203] C:\USERS\PC\DOCUMENTS\EXERCICE2\CLIGNO.ASM 106 : Found opcode in column 1. (GOTO)
Warning[203] C:\USERS\PC\DOCUMENTS\EXERCICE2\CLIGNO.ASM 107 : Found opcode in column 1. (RETURN)
Warning[205] C:\USERS\PC\DOCUMENTS\EXERCICE2\CLIGNO.ASM 108 : Found directive in column 1. (END)
